<?xml version="1.0" encoding="UTF-8"?><testrun name="DocumentUtilTest" project="Couchdb" tests="3" started="3" failures="0" errors="1" ignored="0">
  <testsuite name="org.gradle.DocumentUtilTest" time="0.111">
    <testcase name="testGetUserDoc" classname="org.gradle.DocumentUtilTest" time="0.0"/>
    <testcase name="testGetUserId" classname="org.gradle.DocumentUtilTest" time="0.102"/>
    <testcase name="testPutDoc" classname="org.gradle.DocumentUtilTest" time="0.009">
      <error>com.google.gson.JsonSyntaxException: com.google.gson.stream.MalformedJsonException: Unterminated object at line 36 column 4
	at com.google.gson.internal.Streams.parse(Streams.java:56)
	at com.google.gson.JsonParser.parse(JsonParser.java:84)
	at com.google.gson.JsonParser.parse(JsonParser.java:59)
	at org.gradle.DocumentUtilTest.testPutDoc(DocumentUtilTest.java:56)
	at sun.reflect.NativeMethodAccessorImpl.invoke0(Native Method)
	at sun.reflect.NativeMethodAccessorImpl.invoke(NativeMethodAccessorImpl.java:62)
	at sun.reflect.DelegatingMethodAccessorImpl.invoke(DelegatingMethodAccessorImpl.java:43)
	at java.lang.reflect.Method.invoke(Method.java:497)
	at org.junit.runners.model.FrameworkMethod$1.runReflectiveCall(FrameworkMethod.java:50)
	at org.junit.internal.runners.model.ReflectiveCallable.run(ReflectiveCallable.java:12)
	at org.junit.runners.model.FrameworkMethod.invokeExplosively(FrameworkMethod.java:47)
	at org.junit.internal.runners.statements.InvokeMethod.evaluate(InvokeMethod.java:17)
	at org.junit.runners.ParentRunner.runLeaf(ParentRunner.java:325)
	at org.junit.runners.BlockJUnit4ClassRunner.runChild(BlockJUnit4ClassRunner.java:78)
	at org.junit.runners.BlockJUnit4ClassRunner.runChild(BlockJUnit4ClassRunner.java:57)
	at org.junit.runners.ParentRunner$3.run(ParentRunner.java:290)
	at org.junit.runners.ParentRunner$1.schedule(ParentRunner.java:71)
	at org.junit.runners.ParentRunner.runChildren(ParentRunner.java:288)
	at org.junit.runners.ParentRunner.access$000(ParentRunner.java:58)
	at org.junit.runners.ParentRunner$2.evaluate(ParentRunner.java:268)
	at org.junit.internal.runners.statements.RunBefores.evaluate(RunBefores.java:26)
	at org.junit.runners.ParentRunner.run(ParentRunner.java:363)
	at org.eclipse.jdt.internal.junit4.runner.JUnit4TestReference.run(JUnit4TestReference.java:86)
	at org.eclipse.jdt.internal.junit.runner.TestExecution.run(TestExecution.java:38)
	at org.eclipse.jdt.internal.junit.runner.RemoteTestRunner.runTests(RemoteTestRunner.java:459)
	at org.eclipse.jdt.internal.junit.runner.RemoteTestRunner.runTests(RemoteTestRunner.java:675)
	at org.eclipse.jdt.internal.junit.runner.RemoteTestRunner.run(RemoteTestRunner.java:382)
	at org.eclipse.jdt.internal.junit.runner.RemoteTestRunner.main(RemoteTestRunner.java:192)
Caused by: com.google.gson.stream.MalformedJsonException: Unterminated object at line 36 column 4
	at com.google.gson.stream.JsonReader.syntaxError(JsonReader.java:1505)
	at com.google.gson.stream.JsonReader.doPeek(JsonReader.java:480)
	at com.google.gson.stream.JsonReader.hasNext(JsonReader.java:403)
	at com.google.gson.internal.bind.TypeAdapters$25.read(TypeAdapters.java:666)
	at com.google.gson.internal.bind.TypeAdapters$25.read(TypeAdapters.java:667)
	at com.google.gson.internal.bind.TypeAdapters$25.read(TypeAdapters.java:642)
	at com.google.gson.internal.Streams.parse(Streams.java:44)
	... 27 more

</error>
    </testcase>
  </testsuite>
</testrun>
