<?xml version="1.0" encoding="UTF-8"?><testrun name="DocumentUtilTest (Failed Tests first)" project="Couchdb" tests="5" started="0" failures="0" errors="1" ignored="0">
  <testsuite name="org.gradle.DocumentUtilTest" incomplete="true">
    <error>org.lightcouch.CouchDbException: Error executing request. 
	at org.lightcouch.CouchDbClientBase.executeRequest(Unknown Source)
	at org.lightcouch.CouchDbClientBase.getCookie(Unknown Source)
	at org.lightcouch.CouchDbClientBase.&lt;init&gt;(Unknown Source)
	at org.lightcouch.CouchDbClient.&lt;init&gt;(Unknown Source)
	at com.cloudant.client.api.CloudantClient.doInit(Unknown Source)
	at com.cloudant.client.api.CloudantClient.&lt;init&gt;(Unknown Source)
	at org.gradle.DocumentUtil.&lt;init&gt;(DocumentUtil.java:15)
	at org.gradle.DocumentUtilTest.testDocumentUtil(DocumentUtilTest.java:28)
	at sun.reflect.NativeMethodAccessorImpl.invoke0(Native Method)
	at sun.reflect.NativeMethodAccessorImpl.invoke(NativeMethodAccessorImpl.java:62)
	at sun.reflect.DelegatingMethodAccessorImpl.invoke(DelegatingMethodAccessorImpl.java:43)
	at java.lang.reflect.Method.invoke(Method.java:497)
	at org.junit.runners.model.FrameworkMethod$1.runReflectiveCall(FrameworkMethod.java:50)
	at org.junit.internal.runners.model.ReflectiveCallable.run(ReflectiveCallable.java:12)
	at org.junit.runners.model.FrameworkMethod.invokeExplosively(FrameworkMethod.java:47)
	at org.junit.internal.runners.statements.RunBefores.evaluate(RunBefores.java:24)
	at org.junit.runners.ParentRunner.run(ParentRunner.java:363)
	at org.eclipse.jdt.internal.junit4.runner.JUnit4TestReference.run(JUnit4TestReference.java:86)
	at org.eclipse.jdt.internal.junit.runner.TestExecution.run(TestExecution.java:38)
	at org.eclipse.jdt.internal.junit.runner.RemoteTestRunner.runTests(RemoteTestRunner.java:459)
	at org.eclipse.jdt.internal.junit.runner.RemoteTestRunner.runTests(RemoteTestRunner.java:675)
	at org.eclipse.jdt.internal.junit.runner.RemoteTestRunner.run(RemoteTestRunner.java:382)
	at org.eclipse.jdt.internal.junit.runner.RemoteTestRunner.main(RemoteTestRunner.java:192)
Caused by: org.apache.http.conn.HttpHostConnectException: Connect to plussquare.com:3001 [plussquare.com/50.63.202.46] failed: Connection refused
	at org.apache.http.impl.conn.HttpClientConnectionOperator.connect(HttpClientConnectionOperator.java:140)
	at org.apache.http.impl.conn.PoolingHttpClientConnectionManager.connect(PoolingHttpClientConnectionManager.java:314)
	at org.apache.http.impl.execchain.MainClientExec.establishRoute(MainClientExec.java:363)
	at org.apache.http.impl.execchain.MainClientExec.execute(MainClientExec.java:219)
	at org.apache.http.impl.execchain.ProtocolExec.execute(ProtocolExec.java:195)
	at org.apache.http.impl.execchain.RetryExec.execute(RetryExec.java:86)
	at org.apache.http.impl.execchain.RedirectExec.execute(RedirectExec.java:108)
	at org.apache.http.impl.client.InternalHttpClient.doExecute(InternalHttpClient.java:186)
	at org.apache.http.impl.client.CloseableHttpClient.execute(CloseableHttpClient.java:72)
	at org.apache.http.impl.client.CloseableHttpClient.execute(CloseableHttpClient.java:57)
	... 23 more
Caused by: java.net.ConnectException: Connection refused
	at java.net.PlainSocketImpl.socketConnect(Native Method)
	at java.net.AbstractPlainSocketImpl.doConnect(AbstractPlainSocketImpl.java:345)
	at java.net.AbstractPlainSocketImpl.connectToAddress(AbstractPlainSocketImpl.java:206)
	at java.net.AbstractPlainSocketImpl.connect(AbstractPlainSocketImpl.java:188)
	at java.net.SocksSocketImpl.connect(SocksSocketImpl.java:392)
	at java.net.Socket.connect(Socket.java:589)
	at org.apache.http.conn.socket.PlainConnectionSocketFactory.connectSocket(PlainConnectionSocketFactory.java:72)
	at org.apache.http.impl.conn.HttpClientConnectionOperator.connect(HttpClientConnectionOperator.java:117)
	... 32 more

</error>
    <testcase name="testUpdateDoc" classname="org.gradle.DocumentUtilTest" incomplete="true"/>
    <testcase name="testGetUserDoc" classname="org.gradle.DocumentUtilTest" incomplete="true"/>
    <testcase name="testDeleteDoc" classname="org.gradle.DocumentUtilTest" incomplete="true"/>
    <testcase name="testGetUserId" classname="org.gradle.DocumentUtilTest" incomplete="true"/>
    <testcase name="testPutDoc" classname="org.gradle.DocumentUtilTest" incomplete="true"/>
  </testsuite>
</testrun>
