<?xml version="1.0" encoding="UTF-8"?><testrun name="ReferenceUtilTest" project="Couchdb" tests="6" started="6" failures="0" errors="1" ignored="0">
  <testsuite name="org.gradle.ReferenceUtilTest" time="0.46">
    <testcase name="testCalTotalMentoring" classname="org.gradle.ReferenceUtilTest" time="0.053"/>
    <testcase name="testGetCurrentProjects" classname="org.gradle.ReferenceUtilTest" time="0.084"/>
    <testcase name="testGetAllMentee" classname="org.gradle.ReferenceUtilTest" time="0.116"/>
    <testcase name="testGetAllMentor" classname="org.gradle.ReferenceUtilTest" time="0.069"/>
    <testcase name="testGetMyProjects" classname="org.gradle.ReferenceUtilTest" time="0.07">
      <error>org.lightcouch.CouchDbException: Bad Request{"error":"query_parse_error","reason":"Invalid URL parameter 'group' or  'group_level' for non-reduce view."}

	at org.lightcouch.CouchDbClientBase.validate(Unknown Source)
	at org.lightcouch.CouchDbClient$3.process(Unknown Source)
	at org.apache.http.protocol.ImmutableHttpProcessor.process(ImmutableHttpProcessor.java:139)
	at org.apache.http.impl.execchain.ProtocolExec.execute(ProtocolExec.java:200)
	at org.apache.http.impl.execchain.RetryExec.execute(RetryExec.java:86)
	at org.apache.http.impl.execchain.RedirectExec.execute(RedirectExec.java:108)
	at org.apache.http.impl.client.InternalHttpClient.doExecute(InternalHttpClient.java:186)
	at org.apache.http.impl.client.CloseableHttpClient.execute(CloseableHttpClient.java:72)
	at org.apache.http.impl.client.CloseableHttpClient.execute(CloseableHttpClient.java:57)
	at org.lightcouch.CouchDbClientBase.executeRequest(Unknown Source)
	at org.lightcouch.CouchDbClientBase.get(Unknown Source)
	at org.lightcouch.CouchDbClientBase.get(Unknown Source)
	at org.lightcouch.CouchDatabaseBase.get(Unknown Source)
	at org.lightcouch.View.queryForStream(Unknown Source)
	at org.lightcouch.View.query(Unknown Source)
	at com.cloudant.client.api.View.query(Unknown Source)
	at org.gradle.ReferenceUtil.getMyProjects(ReferenceUtil.java:29)
	at org.gradle.ReferenceUtilTest.testGetMyProjects(ReferenceUtilTest.java:27)
	at sun.reflect.NativeMethodAccessorImpl.invoke0(Native Method)
	at sun.reflect.NativeMethodAccessorImpl.invoke(NativeMethodAccessorImpl.java:62)
	at sun.reflect.DelegatingMethodAccessorImpl.invoke(DelegatingMethodAccessorImpl.java:43)
	at java.lang.reflect.Method.invoke(Method.java:497)
	at org.junit.runners.model.FrameworkMethod$1.runReflectiveCall(FrameworkMethod.java:50)
	at org.junit.internal.runners.model.ReflectiveCallable.run(ReflectiveCallable.java:12)
	at org.junit.runners.model.FrameworkMethod.invokeExplosively(FrameworkMethod.java:47)
	at org.junit.internal.runners.statements.InvokeMethod.evaluate(InvokeMethod.java:17)
	at org.junit.runners.ParentRunner.runLeaf(ParentRunner.java:325)
	at org.junit.runners.BlockJUnit4ClassRunner.runChild(BlockJUnit4ClassRunner.java:78)
	at org.junit.runners.BlockJUnit4ClassRunner.runChild(BlockJUnit4ClassRunner.java:57)
	at org.junit.runners.ParentRunner$3.run(ParentRunner.java:290)
	at org.junit.runners.ParentRunner$1.schedule(ParentRunner.java:71)
	at org.junit.runners.ParentRunner.runChildren(ParentRunner.java:288)
	at org.junit.runners.ParentRunner.access$000(ParentRunner.java:58)
	at org.junit.runners.ParentRunner$2.evaluate(ParentRunner.java:268)
	at org.junit.internal.runners.statements.RunBefores.evaluate(RunBefores.java:26)
	at org.junit.runners.ParentRunner.run(ParentRunner.java:363)
	at org.eclipse.jdt.internal.junit4.runner.JUnit4TestReference.run(JUnit4TestReference.java:86)
	at org.eclipse.jdt.internal.junit.runner.TestExecution.run(TestExecution.java:38)
	at org.eclipse.jdt.internal.junit.runner.RemoteTestRunner.runTests(RemoteTestRunner.java:459)
	at org.eclipse.jdt.internal.junit.runner.RemoteTestRunner.runTests(RemoteTestRunner.java:675)
	at org.eclipse.jdt.internal.junit.runner.RemoteTestRunner.run(RemoteTestRunner.java:382)
	at org.eclipse.jdt.internal.junit.runner.RemoteTestRunner.main(RemoteTestRunner.java:192)

</error>
    </testcase>
    <testcase name="testGetReports" classname="org.gradle.ReferenceUtilTest" time="0.068"/>
  </testsuite>
</testrun>
